<?xml version="1.0" encoding="UTF-8"?>
<!-- Generated by org.testng.reporters.JUnitXMLReporter -->
<testsuite hostname="vamshi-PC" ignored="0" name="Primus Bank Test4" tests="1" failures="0" timestamp="25 Feb 2017 11:17:05 GMT" time="0.037" errors="0">
  <testcase name="@BeforeSuite launchApp" time="0.0" classname="com.PrimusBank.PrimusBankConstants.PrimusBankConstants">
    <failure type="java.lang.NullPointerException">
      <![CDATA[java.lang.NullPointerException
	at com.PrimusBank.PrimusBankConstants.PrimusBankConstants.launchApp(PrimusBankConstants.java:47)
... Removed 19 stack frames]]>
    </failure>
  </testcase> <!-- @BeforeSuite launchApp -->
  <testcase name="@BeforeClass adminlogIn" time="0.0" classname="com.PrimusBank.PrimusBankConstants.AdminHomepageConstants">
    <skipped/>
  </testcase> <!-- @BeforeClass adminlogIn -->
  <testcase name="@AfterClass adminLogout" time="0.0" classname="com.PrimusBank.PrimusBankConstants.AdminHomepageConstants">
    <skipped/>
  </testcase> <!-- @AfterClass adminLogout -->
  <testcase name="branchTest" time="0.0" classname="com.PrimusBank.Tests.CreateBranchTest">
    <skipped/>
  </testcase> <!-- branchTest -->
</testsuite> <!-- Primus Bank Test4 -->
