<?xml version="1.0" encoding="UTF-8"?>
<!-- Generated by org.testng.reporters.JUnitXMLReporter -->
<testsuite hostname="vamshi-PC" ignored="0" name="Primus Bank Test3" tests="1" failures="0" timestamp="25 Feb 2017 11:17:05 GMT" time="0.01" errors="0">
  <testcase name="@BeforeSuite launchApp" time="0.0" classname="com.PrimusBank.PrimusBankConstants.PrimusBankConstants">
    <failure type="java.lang.NullPointerException">
      <![CDATA[java.lang.NullPointerException
	at com.PrimusBank.PrimusBankConstants.PrimusBankConstants.launchApp(PrimusBankConstants.java:47)
... Removed 19 stack frames]]>
    </failure>
  </testcase> <!-- @BeforeSuite launchApp -->
  <testcase name="customerLogin" time="0.0" classname="com.PrimusBank.Tests.CustomerLogInTest">
    <skipped/>
  </testcase> <!-- customerLogin -->
</testsuite> <!-- Primus Bank Test3 -->
